\BOOKMARK [1][-]{Doc-Start}{\376\377\000C\000e\000r\000t\000i\000f\000i\000c\000a\000t\000e}{}% 1
\BOOKMARK [1][-]{Doc-Start}{\376\377\000D\000e\000c\000l\000a\000r\000a\000t\000i\000o\000n}{}% 2
\BOOKMARK [1][-]{Doc-Start}{\376\377\000A\000c\000k\000n\000o\000w\000l\000e\000d\000g\000e\000m\000e\000n\000t}{}% 3
\BOOKMARK [0][-]{chapter.1}{\376\377\000I\000n\000t\000r\000o\000d\000u\000c\000t\000i\000o\000n}{}% 4
\BOOKMARK [1][-]{section.1.1}{\376\377\000B\000a\000c\000k\000g\000r\000o\000u\000n\000d\000\040\000a\000n\000d\000\040\000N\000e\000e\000d\000\040\000f\000o\000r\000\040\000t\000h\000e\000\040\000P\000r\000o\000j\000e\000c\000t}{chapter.1}% 5
\BOOKMARK [1][-]{section.1.2}{\376\377\000S\000o\000c\000i\000e\000t\000a\000l\000\040\000R\000e\000l\000e\000v\000a\000n\000c\000e}{chapter.1}% 6
\BOOKMARK [1][-]{section.1.3}{\376\377\000P\000r\000o\000b\000l\000e\000m\000\040\000S\000t\000a\000t\000e\000m\000e\000n\000t}{chapter.1}% 7
\BOOKMARK [1][-]{section.1.4}{\376\377\000O\000b\000j\000e\000c\000t\000i\000v\000e\000s\000\040\000o\000f\000\040\000t\000h\000e\000\040\000P\000r\000o\000j\000e\000c\000t}{chapter.1}% 8
\BOOKMARK [2][-]{subsection.1.4.1}{\376\377\000P\000r\000i\000m\000a\000r\000y\000\040\000O\000b\000j\000e\000c\000t\000i\000v\000e\000s}{section.1.4}% 9
\BOOKMARK [2][-]{subsection.1.4.2}{\376\377\000S\000e\000c\000o\000n\000d\000a\000r\000y\000\040\000O\000b\000j\000e\000c\000t\000i\000v\000e\000s}{section.1.4}% 10
\BOOKMARK [1][-]{section.1.5}{\376\377\000S\000c\000o\000p\000e\000\040\000a\000n\000d\000\040\000L\000i\000m\000i\000t\000a\000t\000i\000o\000n\000s}{chapter.1}% 11
\BOOKMARK [2][-]{subsection.1.5.1}{\376\377\000S\000c\000o\000p\000e}{section.1.5}% 12
\BOOKMARK [2][-]{subsection.1.5.2}{\376\377\000L\000i\000m\000i\000t\000a\000t\000i\000o\000n\000s}{section.1.5}% 13
\BOOKMARK [0][-]{chapter.2}{\376\377\000L\000i\000t\000e\000r\000a\000t\000u\000r\000e\000\040\000R\000e\000v\000i\000e\000w}{}% 14
\BOOKMARK [1][-]{section.2.1}{\376\377\000R\000e\000v\000i\000e\000w\000\040\000o\000f\000\040\000E\000x\000i\000s\000t\000i\000n\000g\000\040\000W\000o\000r\000k}{chapter.2}% 15
\BOOKMARK [2][-]{subsection.2.1.1}{\376\377\000G\000o\000v\000e\000r\000n\000m\000e\000n\000t\000\040\000C\000y\000b\000e\000r\000c\000r\000i\000m\000e\000\040\000R\000e\000p\000o\000r\000t\000i\000n\000g\000\040\000S\000y\000s\000t\000e\000m\000s}{section.2.1}% 16
\BOOKMARK [2][-]{subsection.2.1.2}{\376\377\000P\000r\000i\000v\000a\000t\000e\000\040\000S\000e\000c\000t\000o\000r\000\040\000S\000o\000l\000u\000t\000i\000o\000n\000s}{section.2.1}% 17
\BOOKMARK [2][-]{subsection.2.1.3}{\376\377\000A\000c\000a\000d\000e\000m\000i\000c\000\040\000R\000e\000s\000e\000a\000r\000c\000h}{section.2.1}% 18
\BOOKMARK [1][-]{section.2.2}{\376\377\000G\000a\000p\000s\000\040\000i\000n\000\040\000C\000u\000r\000r\000e\000n\000t\000\040\000S\000o\000l\000u\000t\000i\000o\000n\000s}{chapter.2}% 19
\BOOKMARK [1][-]{section.2.3}{\376\377\000J\000u\000s\000t\000i\000f\000i\000c\000a\000t\000i\000o\000n\000\040\000f\000o\000r\000\040\000P\000r\000o\000p\000o\000s\000e\000d\000\040\000W\000o\000r\000k}{chapter.2}% 20
\BOOKMARK [0][-]{chapter.3}{\376\377\000M\000e\000t\000h\000o\000d\000o\000l\000o\000g\000y\000\040\000a\000n\000d\000\040\000S\000y\000s\000t\000e\000m\000\040\000D\000e\000s\000i\000g\000n}{}% 21
\BOOKMARK [1][-]{section.3.1}{\376\377\000T\000e\000c\000h\000n\000o\000l\000o\000g\000y\000\040\000S\000t\000a\000c\000k}{chapter.3}% 22
\BOOKMARK [2][-]{subsection.3.1.1}{\376\377\000B\000a\000c\000k\000e\000n\000d\000\040\000T\000e\000c\000h\000n\000o\000l\000o\000g\000i\000e\000s}{section.3.1}% 23
\BOOKMARK [2][-]{subsection.3.1.2}{\376\377\000F\000r\000o\000n\000t\000e\000n\000d\000\040\000T\000e\000c\000h\000n\000o\000l\000o\000g\000i\000e\000s}{section.3.1}% 24
\BOOKMARK [2][-]{subsection.3.1.3}{\376\377\000S\000e\000c\000u\000r\000i\000t\000y\000\040\000T\000o\000o\000l\000s}{section.3.1}% 25
\BOOKMARK [1][-]{section.3.2}{\376\377\000D\000a\000t\000a\000b\000a\000s\000e\000\040\000D\000e\000s\000i\000g\000n}{chapter.3}% 26
\BOOKMARK [2][-]{subsection.3.2.1}{\376\377\000U\000s\000e\000r\000s\000\040\000T\000a\000b\000l\000e}{section.3.2}% 27
\BOOKMARK [2][-]{subsection.3.2.2}{\376\377\000R\000e\000p\000o\000r\000t\000s\000\040\000T\000a\000b\000l\000e}{section.3.2}% 28
\BOOKMARK [2][-]{subsection.3.2.3}{\376\377\000T\000i\000p\000s\000\040\000T\000a\000b\000l\000e}{section.3.2}% 29
\BOOKMARK [1][-]{section.3.3}{\376\377\000S\000e\000c\000u\000r\000i\000t\000y\000\040\000A\000r\000c\000h\000i\000t\000e\000c\000t\000u\000r\000e}{chapter.3}% 30
\BOOKMARK [2][-]{subsection.3.3.1}{\376\377\000A\000u\000t\000h\000e\000n\000t\000i\000c\000a\000t\000i\000o\000n\000\040\000S\000e\000c\000u\000r\000i\000t\000y}{section.3.3}% 31
\BOOKMARK [2][-]{subsection.3.3.2}{\376\377\000I\000n\000p\000u\000t\000\040\000V\000a\000l\000i\000d\000a\000t\000i\000o\000n}{section.3.3}% 32
\BOOKMARK [2][-]{subsection.3.3.3}{\376\377\000F\000i\000l\000e\000\040\000U\000p\000l\000o\000a\000d\000\040\000S\000e\000c\000u\000r\000i\000t\000y}{section.3.3}% 33
\BOOKMARK [1][-]{section.3.4}{\376\377\000N\000e\000t\000w\000o\000r\000k\000\040\000T\000o\000p\000o\000l\000o\000g\000y}{chapter.3}% 34
\BOOKMARK [0][-]{chapter.4}{\376\377\000T\000o\000o\000l\000s\000\040\000a\000n\000d\000\040\000T\000e\000c\000h\000n\000o\000l\000o\000g\000i\000e\000s}{}% 35
\BOOKMARK [1][-]{section.4.1}{\376\377\000B\000a\000c\000k\000e\000n\000d\000\040\000D\000e\000v\000e\000l\000o\000p\000m\000e\000n\000t\000\040\000T\000o\000o\000l\000s}{chapter.4}% 36
\BOOKMARK [2][-]{subsection.4.1.1}{\376\377\000N\000o\000d\000e\000.\000j\000s\000\040\000a\000n\000d\000\040\000E\000x\000p\000r\000e\000s\000s\000.\000j\000s}{section.4.1}% 37
\BOOKMARK [2][-]{subsection.4.1.2}{\376\377\000b\000c\000r\000y\000p\000t\000\040\000P\000a\000s\000s\000w\000o\000r\000d\000\040\000H\000a\000s\000h\000i\000n\000g}{section.4.1}% 38
\BOOKMARK [2][-]{subsection.4.1.3}{\376\377\000M\000u\000l\000t\000e\000r\000\040\000F\000i\000l\000e\000\040\000U\000p\000l\000o\000a\000d}{section.4.1}% 39
\BOOKMARK [1][-]{section.4.2}{\376\377\000D\000a\000t\000a\000b\000a\000s\000e\000\040\000M\000a\000n\000a\000g\000e\000m\000e\000n\000t}{chapter.4}% 40
\BOOKMARK [2][-]{subsection.4.2.1}{\376\377\000M\000y\000S\000Q\000L\000/\000P\000o\000s\000t\000g\000r\000e\000S\000Q\000L}{section.4.2}% 41
\BOOKMARK [1][-]{section.4.3}{\376\377\000F\000r\000o\000n\000t\000e\000n\000d\000\040\000D\000e\000v\000e\000l\000o\000p\000m\000e\000n\000t\000\040\000T\000o\000o\000l\000s}{chapter.4}% 42
\BOOKMARK [2][-]{subsection.4.3.1}{\376\377\000E\000J\000S\000\040\000T\000e\000m\000p\000l\000a\000t\000i\000n\000g}{section.4.3}% 43
\BOOKMARK [2][-]{subsection.4.3.2}{\376\377\000T\000a\000i\000l\000w\000i\000n\000d\000\040\000C\000S\000S}{section.4.3}% 44
\BOOKMARK [1][-]{section.4.4}{\376\377\000S\000e\000c\000u\000r\000i\000t\000y\000\040\000a\000n\000d\000\040\000V\000a\000l\000i\000d\000a\000t\000i\000o\000n\000\040\000T\000o\000o\000l\000s}{chapter.4}% 45
\BOOKMARK [2][-]{subsection.4.4.1}{\376\377\000I\000n\000p\000u\000t\000\040\000V\000a\000l\000i\000d\000a\000t\000i\000o\000n}{section.4.4}% 46
\BOOKMARK [2][-]{subsection.4.4.2}{\376\377\000S\000e\000s\000s\000i\000o\000n\000\040\000M\000a\000n\000a\000g\000e\000m\000e\000n\000t}{section.4.4}% 47
\BOOKMARK [0][-]{chapter.5}{\376\377\000I\000m\000p\000l\000e\000m\000e\000n\000t\000a\000t\000i\000o\000n}{}% 48
\BOOKMARK [1][-]{subsection.5.0.1}{\376\377\000P\000r\000o\000b\000l\000e\000m\000\040\000S\000t\000a\000t\000e\000m\000e\000n\000t}{chapter.5}% 49
\BOOKMARK [2][-]{subsection.5.0.2}{\376\377\000O\000b\000j\000e\000c\000t\000i\000v\000e\000s}{subsection.5.0.1}% 50
\BOOKMARK [1][-]{section.5.1}{\376\377\000L\000i\000t\000e\000r\000a\000t\000u\000r\000e\000\040\000R\000e\000v\000i\000e\000w}{chapter.5}% 51
\BOOKMARK [2][-]{subsection.5.1.1}{\376\377\000C\000y\000b\000e\000r\000c\000r\000i\000m\000e\000\040\000L\000a\000n\000d\000s\000c\000a\000p\000e\000\040\000A\000n\000a\000l\000y\000s\000i\000s}{section.5.1}% 52
\BOOKMARK [2][-]{subsection.5.1.2}{\376\377\000E\000x\000i\000s\000t\000i\000n\000g\000\040\000R\000e\000p\000o\000r\000t\000i\000n\000g\000\040\000S\000y\000s\000t\000e\000m\000s\000\040\000A\000n\000a\000l\000y\000s\000i\000s}{section.5.1}% 53
\BOOKMARK [2][-]{subsection.5.1.3}{\376\377\000T\000e\000c\000h\000n\000o\000l\000o\000g\000y\000\040\000S\000t\000a\000c\000k\000\040\000E\000v\000a\000l\000u\000a\000t\000i\000o\000n}{section.5.1}% 54
\BOOKMARK [1][-]{section.5.2}{\376\377\000S\000y\000s\000t\000e\000m\000\040\000D\000e\000s\000i\000g\000n\000\040\000a\000n\000d\000\040\000A\000r\000c\000h\000i\000t\000e\000c\000t\000u\000r\000e}{chapter.5}% 55
\BOOKMARK [2][-]{subsection.5.2.1}{\376\377\000S\000y\000s\000t\000e\000m\000\040\000A\000r\000c\000h\000i\000t\000e\000c\000t\000u\000r\000e\000\040\000O\000v\000e\000r\000v\000i\000e\000w}{section.5.2}% 56
\BOOKMARK [2][-]{subsection.5.2.2}{\376\377\000S\000y\000s\000t\000e\000m\000\040\000W\000o\000r\000k\000f\000l\000o\000w\000\040\000D\000i\000a\000g\000r\000a\000m}{section.5.2}% 57
\BOOKMARK [2][-]{subsection.5.2.3}{\376\377\000D\000a\000t\000a\000b\000a\000s\000e\000\040\000D\000e\000s\000i\000g\000n}{section.5.2}% 58
\BOOKMARK [2][-]{subsection.5.2.4}{\376\377\000S\000e\000c\000u\000r\000i\000t\000y\000\040\000A\000r\000c\000h\000i\000t\000e\000c\000t\000u\000r\000e}{section.5.2}% 59
\BOOKMARK [1][-]{section.5.3}{\376\377\000I\000m\000p\000l\000e\000m\000e\000n\000t\000a\000t\000i\000o\000n\000\040\000D\000e\000t\000a\000i\000l\000s}{chapter.5}% 60
\BOOKMARK [2][-]{subsection.5.3.1}{\376\377\000B\000a\000c\000k\000e\000n\000d\000\040\000D\000e\000v\000e\000l\000o\000p\000m\000e\000n\000t}{section.5.3}% 61
\BOOKMARK [2][-]{subsection.5.3.2}{\376\377\000F\000r\000o\000n\000t\000e\000n\000d\000\040\000D\000e\000v\000e\000l\000o\000p\000m\000e\000n\000t}{section.5.3}% 62
\BOOKMARK [2][-]{subsection.5.3.3}{\376\377\000D\000a\000t\000a\000b\000a\000s\000e\000\040\000I\000m\000p\000l\000e\000m\000e\000n\000t\000a\000t\000i\000o\000n}{section.5.3}% 63
\BOOKMARK [1][-]{section.5.4}{\376\377\000F\000e\000a\000t\000u\000r\000e\000s\000\040\000a\000n\000d\000\040\000F\000u\000n\000c\000t\000i\000o\000n\000a\000l\000i\000t\000y}{chapter.5}% 64
\BOOKMARK [2][-]{subsection.5.4.1}{\376\377\000U\000s\000e\000r\000\040\000R\000e\000g\000i\000s\000t\000r\000a\000t\000i\000o\000n\000\040\000a\000n\000d\000\040\000A\000u\000t\000h\000e\000n\000t\000i\000c\000a\000t\000i\000o\000n}{section.5.4}% 65
\BOOKMARK [2][-]{subsection.5.4.2}{\376\377\000C\000y\000b\000e\000r\000c\000r\000i\000m\000e\000\040\000R\000e\000p\000o\000r\000t\000i\000n\000g\000\040\000S\000y\000s\000t\000e\000m}{section.5.4}% 66
\BOOKMARK [2][-]{subsection.5.4.3}{\376\377\000A\000d\000m\000i\000n\000i\000s\000t\000r\000a\000t\000i\000v\000e\000\040\000D\000a\000s\000h\000b\000o\000a\000r\000d}{section.5.4}% 67
\BOOKMARK [2][-]{subsection.5.4.4}{\376\377\000E\000d\000u\000c\000a\000t\000i\000o\000n\000a\000l\000\040\000R\000e\000s\000o\000u\000r\000c\000e\000s}{section.5.4}% 68
\BOOKMARK [1][-]{section.5.5}{\376\377\000T\000e\000s\000t\000i\000n\000g\000\040\000a\000n\000d\000\040\000Q\000u\000a\000l\000i\000t\000y\000\040\000A\000s\000s\000u\000r\000a\000n\000c\000e}{chapter.5}% 69
\BOOKMARK [2][-]{subsection.5.5.1}{\376\377\000T\000e\000s\000t\000i\000n\000g\000\040\000M\000e\000t\000h\000o\000d\000o\000l\000o\000g\000y}{section.5.5}% 70
\BOOKMARK [2][-]{subsection.5.5.2}{\376\377\000S\000e\000c\000u\000r\000i\000t\000y\000\040\000T\000e\000s\000t\000i\000n\000g}{section.5.5}% 71
\BOOKMARK [2][-]{subsection.5.5.3}{\376\377\000P\000e\000r\000f\000o\000r\000m\000a\000n\000c\000e\000\040\000T\000e\000s\000t\000i\000n\000g}{section.5.5}% 72
\BOOKMARK [1][-]{section.5.6}{\376\377\000D\000e\000p\000l\000o\000y\000m\000e\000n\000t\000\040\000a\000n\000d\000\040\000I\000n\000f\000r\000a\000s\000t\000r\000u\000c\000t\000u\000r\000e}{chapter.5}% 73
\BOOKMARK [2][-]{subsection.5.6.1}{\376\377\000C\000l\000o\000u\000d\000\040\000D\000e\000p\000l\000o\000y\000m\000e\000n\000t\000\040\000S\000t\000r\000a\000t\000e\000g\000y}{section.5.6}% 74
\BOOKMARK [2][-]{subsection.5.6.2}{\376\377\000D\000a\000t\000a\000b\000a\000s\000e\000\040\000D\000e\000p\000l\000o\000y\000m\000e\000n\000t}{section.5.6}% 75
\BOOKMARK [2][-]{subsection.5.6.3}{\376\377\000M\000o\000n\000i\000t\000o\000r\000i\000n\000g\000\040\000a\000n\000d\000\040\000M\000a\000i\000n\000t\000e\000n\000a\000n\000c\000e}{section.5.6}% 76
\BOOKMARK [1][-]{section.5.7}{\376\377\000R\000e\000s\000u\000l\000t\000s\000\040\000a\000n\000d\000\040\000A\000n\000a\000l\000y\000s\000i\000s}{chapter.5}% 77
\BOOKMARK [2][-]{subsection.5.7.1}{\376\377\000S\000y\000s\000t\000e\000m\000\040\000P\000e\000r\000f\000o\000r\000m\000a\000n\000c\000e\000\040\000M\000e\000t\000r\000i\000c\000s}{section.5.7}% 78
\BOOKMARK [2][-]{subsection.5.7.2}{\376\377\000U\000s\000e\000r\000\040\000E\000x\000p\000e\000r\000i\000e\000n\000c\000e\000\040\000A\000n\000a\000l\000y\000s\000i\000s}{section.5.7}% 79
\BOOKMARK [2][-]{subsection.5.7.3}{\376\377\000S\000e\000c\000u\000r\000i\000t\000y\000\040\000A\000s\000s\000e\000s\000s\000m\000e\000n\000t\000\040\000R\000e\000s\000u\000l\000t\000s}{section.5.7}% 80
\BOOKMARK [1][-]{section.5.8}{\376\377\000C\000h\000a\000l\000l\000e\000n\000g\000e\000s\000\040\000a\000n\000d\000\040\000S\000o\000l\000u\000t\000i\000o\000n\000s}{chapter.5}% 81
\BOOKMARK [2][-]{subsection.5.8.1}{\376\377\000T\000e\000c\000h\000n\000i\000c\000a\000l\000\040\000C\000h\000a\000l\000l\000e\000n\000g\000e\000s}{section.5.8}% 82
\BOOKMARK [2][-]{subsection.5.8.2}{\376\377\000U\000s\000e\000r\000\040\000E\000x\000p\000e\000r\000i\000e\000n\000c\000e\000\040\000C\000h\000a\000l\000l\000e\000n\000g\000e\000s}{section.5.8}% 83
\BOOKMARK [2][-]{subsection.5.8.3}{\376\377\000D\000e\000p\000l\000o\000y\000m\000e\000n\000t\000\040\000C\000h\000a\000l\000l\000e\000n\000g\000e\000s}{section.5.8}% 84
\BOOKMARK [1][-]{section.5.9}{\376\377\000F\000u\000t\000u\000r\000e\000\040\000E\000n\000h\000a\000n\000c\000e\000m\000e\000n\000t\000s}{chapter.5}% 85
\BOOKMARK [2][-]{subsection.5.9.1}{\376\377\000F\000e\000a\000t\000u\000r\000e\000\040\000E\000x\000p\000a\000n\000s\000i\000o\000n}{section.5.9}% 86
\BOOKMARK [2][-]{subsection.5.9.2}{\376\377\000T\000e\000c\000h\000n\000i\000c\000a\000l\000\040\000I\000m\000p\000r\000o\000v\000e\000m\000e\000n\000t\000s}{section.5.9}% 87
\BOOKMARK [2][-]{subsection.5.9.3}{\376\377\000I\000n\000t\000e\000g\000r\000a\000t\000i\000o\000n\000\040\000O\000p\000p\000o\000r\000t\000u\000n\000i\000t\000i\000e\000s}{section.5.9}% 88
\BOOKMARK [1][-]{section.5.10}{\376\377\000C\000o\000n\000c\000l\000u\000s\000i\000o\000n}{chapter.5}% 89
\BOOKMARK [2][-]{subsection.5.10.1}{\376\377\000P\000r\000o\000j\000e\000c\000t\000\040\000S\000u\000m\000m\000a\000r\000y}{section.5.10}% 90
\BOOKMARK [2][-]{subsection.5.10.2}{\376\377\000I\000m\000p\000a\000c\000t\000\040\000a\000n\000d\000\040\000S\000i\000g\000n\000i\000f\000i\000c\000a\000n\000c\000e}{section.5.10}% 91
\BOOKMARK [2][-]{subsection.5.10.3}{\376\377\000L\000e\000s\000s\000o\000n\000s\000\040\000L\000e\000a\000r\000n\000e\000d}{section.5.10}% 92
\BOOKMARK [2][-]{subsection.5.10.4}{\376\377\000F\000u\000t\000u\000r\000e\000\040\000D\000i\000r\000e\000c\000t\000i\000o\000n\000s}{section.5.10}% 93
